<?xml version="1.0" encoding="UTF-8"?>
<testsuite name="MealPlannerTests" tests="1" skipped="0" failures="0" errors="0" timestamp="2023-07-10T12:26:12" hostname="DESKTOP-77HAML8" time="6.77">
  <properties/>
  <testcase name="start" classname="MealPlannerTests" time="6.77"/>
  <system-out><![CDATA[?[1;31m
Start test 1?[0m
What would you like to do (add, show, exit)?
> exit
Bye!
?[1;31m
Start test 2?[0m
What would you like to do (add, show, exit)?
> add
Which meal do you want to add (breakfast, lunch, dinner)?
> lunch
Input the meal's name:
> sushi
Input the ingredients:
> salmon, rice, avocado
The meal has been added!
What would you like to do (add, show, exit)?
> add
Which meal do you want to add (breakfast, lunch, dinner)?
> lunch
Input the meal's name:
> omelette
Input the ingredients:
> eggs, milk, cheese
The meal has been added!
What would you like to do (add, show, exit)?
> add
Which meal do you want to add (breakfast, lunch, dinner)?
> breakfast
Input the meal's name:
> oatmeal
Input the ingredients:
> oats, milk, banana, peanut butter
The meal has been added!
What would you like to do (add, show, exit)?
> show
Which category do you want to print (breakfast, lunch, dinner)?
> lunch
Category: lunch

Name: sushi
Ingredients:
salmon
rice
avocado

Name: omelette
Ingredients:
eggs
milk
cheese

What would you like to do (add, show, exit)?
> show
Which category do you want to print (breakfast, lunch, dinner)?
> breakfast
Category: breakfast

Name: oatmeal
Ingredients:
oats
milk
banana
peanut butter

What would you like to do (add, show, exit)?
> exit
Bye!
?[1;31m
Start test 3?[0m
What would you like to do (add, show, exit)?
> show
Which category do you want to print (breakfast, lunch, dinner)?
> lunch
Category: lunch

Name: sushi
Ingredients:
salmon
rice
avocado

Name: omelette
Ingredients:
eggs
milk
cheese

What would you like to do (add, show, exit)?
> show
Which category do you want to print (breakfast, lunch, dinner)?
> breakfast
Category: breakfast

Name: oatmeal
Ingredients:
oats
milk
banana
peanut butter

What would you like to do (add, show, exit)?
> show
Which category do you want to print (breakfast, lunch, dinner)?
> brunch
Wrong meal category! Choose from: breakfast, lunch, dinner.
> dinner
No meals found.
What would you like to do (add, show, exit)?
> add
Which meal do you want to add (breakfast, lunch, dinner)?
> dinner
Input the meal's name:
> soup
Input the ingredients:
> potato, rice, mushrooms
The meal has been added!
What would you like to do (add, show, exit)?
> show
Which category do you want to print (breakfast, lunch, dinner)?
> dinner
Category: dinner

Name: soup
Ingredients:
potato
rice
mushrooms

What would you like to do (add, show, exit)?
> exit
Bye!
]]></system-out>
  <system-err><![CDATA[java.util.NoSuchElementException: No value present
	at java.base/java.util.Optional.get(Optional.java:143)
	at mealplanner.DbMealDao.findLastId(DbMealDao.java:55)
	at mealplanner.DbDaoImplementation.readMeal(DbDaoImplementation.java:47)
	at mealplanner.DbDaoImplementation.add(DbDaoImplementation.java:23)
	at mealplanner.Main.main(Main.java:16)
	at java.base/jdk.internal.reflect.NativeMethodAccessorImpl.invoke0(Native Method)
	at java.base/jdk.internal.reflect.NativeMethodAccessorImpl.invoke(NativeMethodAccessorImpl.java:77)
	at java.base/jdk.internal.reflect.DelegatingMethodAccessorImpl.invoke(DelegatingMethodAccessorImpl.java:43)
	at java.base/java.lang.reflect.Method.invoke(Method.java:568)
	at org.hyperskill.hstest.testing.execution.MainMethodExecutor.invokeMain(MainMethodExecutor.java:160)
	at org.hyperskill.hstest.testing.execution.MainMethodExecutor.lambda$launch$1(MainMethodExecutor.java:188)
	at java.base/java.util.concurrent.Executors$RunnableAdapter.call(Executors.java:539)
	at java.base/java.util.concurrent.FutureTask.run(FutureTask.java:264)
	at java.base/java.util.concurrent.ThreadPoolExecutor.runWorker(ThreadPoolExecutor.java:1136)
	at java.base/java.util.concurrent.ThreadPoolExecutor$Worker.run(ThreadPoolExecutor.java:635)
	at java.base/java.lang.Thread.run(Thread.java:833)
]]></system-err>
</testsuite>
